<?xml version="1.0" encoding="utf-8" standalone="no"?>
<!--This file represents the results of running a test suite-->
<test-results name="C:\Users\Philip\Documents\GitHub\PetriDishLocal\Portfolio\TestFixtures\TestFixtures.csproj" total="16" errors="0" failures="0" not-run="0" inconclusive="0" ignored="0" skipped="0" invalid="0" date="2013-11-11" time="12:40:24">
  <environment nunit-version="2.6.3.13283" clr-version="2.0.50727.6407" os-version="Microsoft Windows NT 6.2.9200.0" platform="Win32NT" cwd="C:\Users\Philip\Documents\GitHub\PetriDishLocal\Portfolio\TestFixtures" machine-name="PHILIP-PC" user="Philip" user-domain="Philip-PC" />
  <culture-info current-culture="en-GB" current-uiculture="en-GB" />
  <test-suite type="Project" name="C:\Users\Philip\Documents\GitHub\PetriDishLocal\Portfolio\TestFixtures\TestFixtures.csproj" executed="True" result="Success" success="True" time="0.044" asserts="0">
    <results>
      <test-suite type="Assembly" name="C:\Users\Philip\Documents\GitHub\PetriDishLocal\Portfolio\TestFixtures\bin\Debug\TestFixtures.dll" executed="True" result="Success" success="True" time="0.044" asserts="0">
        <results>
          <test-suite type="Namespace" name="PetriDishWin" executed="True" result="Success" success="True" time="0.043" asserts="0">
            <results>
              <test-suite type="TestFixture" name="GridControllerFixture" executed="True" result="Success" success="True" time="0.012" asserts="0">
                <results>
                  <test-case name="PetriDishWin.GridControllerFixture.Attempt_to_consume_random_direction" executed="True" result="Success" success="True" time="0.000" asserts="0" />
                  <test-case name="PetriDishWin.GridControllerFixture.Create_new_species" executed="True" result="Success" success="True" time="0.000" asserts="1" />
                  <test-case name="PetriDishWin.GridControllerFixture.Spread_to_given_cell" executed="True" result="Success" success="True" time="0.000" asserts="1" />
                  <test-case name="PetriDishWin.GridControllerFixture.Spread_to_random_direction" executed="True" result="Success" success="True" time="0.000" asserts="0" />
                  <test-case name="PetriDishWin.GridControllerFixture.The_entire_grid_is_cycled_once" executed="True" result="Success" success="True" time="0.000" asserts="0" />
                </results>
              </test-suite>
              <test-suite type="TestFixture" name="MicrobeFixture" executed="True" result="Success" success="True" time="0.017" asserts="0">
                <results>
                  <test-case name="PetriDishWin.MicrobeFixture.Attributes_of_supplied_microbe_are_copied_and_new_attributes_are_different" executed="True" result="Success" success="True" time="0.000" asserts="7" />
                  <test-case name="PetriDishWin.MicrobeFixture.Default_id_is_used" executed="True" result="Success" success="True" time="0.000" asserts="1" />
                  <test-case name="PetriDishWin.MicrobeFixture.Mutate_is_called_and_mutateResistance_is_reduced" executed="True" result="Success" success="True" time="0.000" asserts="1" />
                  <test-case name="PetriDishWin.MicrobeFixture.Range_check_for_consume" executed="True" result="Success" success="True" time="0.000" asserts="2" />
                  <test-case name="PetriDishWin.MicrobeFixture.Range_check_for_mutate" executed="True" result="Success" success="True" time="0.000" asserts="2" />
                  <test-case name="PetriDishWin.MicrobeFixture.Range_check_for_spread" executed="True" result="Success" success="True" time="0.000" asserts="2" />
                  <test-case name="PetriDishWin.MicrobeFixture.Range_check_new_species" executed="True" result="Success" success="True" time="0.000" asserts="2" />
                  <test-case name="PetriDishWin.MicrobeFixture.Supplied_id_is_used" executed="True" result="Success" success="True" time="0.000" asserts="1" />
                </results>
              </test-suite>
              <test-suite type="TestFixture" name="StatsManagerFixture" executed="True" result="Success" success="True" time="0.001" asserts="0">
                <results>
                  <test-case name="PetriDishWin.StatsManagerFixture.Finds_id_and_count_of_the_most_common_microbe_in_a_given_grid" executed="True" result="Success" success="True" time="0.000" asserts="2" />
                </results>
              </test-suite>
              <test-suite type="TestFixture" name="TheGridFixture" executed="True" result="Success" success="True" time="0.003" asserts="0">
                <results>
                  <test-case name="PetriDishWin.TheGridFixture.The_grid_is_constructed_and_populated_with_default_values" executed="True" result="Success" success="True" time="0.000" asserts="3" />
                  <test-case name="PetriDishWin.TheGridFixture.The_grid_is_constructed_and_populated_with_given_values" executed="True" result="Success" success="True" time="0.000" asserts="3" />
                </results>
              </test-suite>
            </results>
          </test-suite>
        </results>
      </test-suite>
    </results>
  </test-suite>
</test-results>