<?xml version="1.0" encoding="utf-8" standalone="no"?>
<!--This file represents the results of running a test suite-->
<test-results name="C:\Users\Philip\documents\visual studio 2010\Projects\Portfolio\PetriDishWin\PetriDishWin.csproj" total="0" errors="0" failures="0" not-run="0" inconclusive="0" ignored="0" skipped="0" invalid="0" date="2013-11-11" time="11:24:33">
  <environment nunit-version="2.6.3.13283" clr-version="2.0.50727.6407" os-version="Microsoft Windows NT 6.2.9200.0" platform="Win32NT" cwd="C:\Users\Philip\documents\visual studio 2010\Projects\Portfolio\PetriDishWin" machine-name="PHILIP-PC" user="Philip" user-domain="Philip-PC" />
  <culture-info current-culture="en-GB" current-uiculture="en-GB" />
  <test-suite type="Project" name="C:\Users\Philip\documents\visual studio 2010\Projects\Portfolio\PetriDishWin\PetriDishWin.csproj" executed="True" result="Inconclusive" success="False" time="0.009" asserts="0">
    <results>
      <test-suite type="Assembly" name="C:\Users\Philip\documents\visual studio 2010\Projects\Portfolio\PetriDishWin\bin\Debug\PetriDishWin.exe" executed="True" result="Inconclusive" success="False" time="0.001" asserts="0" />
    </results>
  </test-suite>
</test-results>